<?xml version="1.0" encoding="UTF-8"?>
<!-- Generated by org.testng.reporters.JUnitXMLReporter -->
<testsuite ignored="3" hostname="LAPTOP-BDELJV31" failures="0" tests="1" name="Default test" time="49.209" errors="0" timestamp="2022-09-23T21:58:24 IDT">
  <testcase classname="address.TestAddressWebsite" name="testDeleteAddress" time="34.072"/>
  <testcase classname="address.TestAddressWebsite" name="testEditAddress" time="0.0">
    <ignored/>
  </testcase> <!-- testEditAddress -->
  <testcase classname="address.TestAddressWebsite" name="testCreateAddress" time="0.0">
    <ignored/>
  </testcase> <!-- testCreateAddress -->
  <testcase classname="address.TestAddressWebsite" name="testViewAddress" time="0.0">
    <ignored/>
  </testcase> <!-- testViewAddress -->
</testsuite> <!-- Default test -->
