<?xml version="1.0" encoding="UTF-8"?>
<!-- Generated by org.testng.reporters.JUnitXMLReporter -->
<testsuite ignored="0" hostname="LAPTOP-BDELJV31" failures="1" tests="1" name="Address Book Test 2" time="3.711" errors="0" timestamp="2022-09-22T22:10:10 IDT">
  <testcase classname="address.TestAddressWebsite" name="testCreateAddress" time="3.708">
    <failure type="java.lang.NullPointerException" message="Cannot invoke &amp;quot;pages.home.NavigationBar.interacteWithNavItem(String)&amp;quot; because &amp;quot;this.navBar&amp;quot; is null">
      <![CDATA[java.lang.NullPointerException: Cannot invoke "pages.home.NavigationBar.interacteWithNavItem(String)" because "this.navBar" is null
at address.TestAddressWebsite.testCreateAddress(TestAddressWebsite.java:56)
at java.base/java.util.ArrayList.forEach(ArrayList.java:1511)
... Removed 27 stack frames]]>
    </failure>
  </testcase> <!-- testCreateAddress -->
</testsuite> <!-- Address Book Test 2 -->
