<?xml version="1.0" encoding="UTF-8"?>
<!-- Generated by org.testng.reporters.JUnitXMLReporter -->
<testsuite ignored="4" hostname="LAPTOP-BDELJV31" failures="0" tests="0" time="16.301" errors="0" timestamp="2022-09-23T21:57:12 IDT">
  <testcase classname="address.TestAddressWebsite" name="testDeleteAddress" time="0.0">
    <ignored/>
  </testcase> <!-- testDeleteAddress -->
  <testcase classname="address.TestAddressWebsite" name="testCreateAddress" time="0.0">
    <ignored/>
  </testcase> <!-- testCreateAddress -->
  <testcase classname="address.TestAddressWebsite" name="testEditAddress" time="0.0">
    <ignored/>
  </testcase> <!-- testEditAddress -->
  <testcase classname="address.TestAddressWebsite" name="testViewAddress" time="0.0">
    <ignored/>
  </testcase> <!-- testViewAddress -->
</testsuite>
