<?xml version="1.0" encoding="UTF-8"?>
<!-- Generated by org.testng.reporters.JUnitXMLReporter -->
<testsuite ignored="3" hostname="LAPTOP-BDELJV31" failures="1" tests="1" name="Delete Addresses" time="65.131" errors="0" timestamp="2022-09-23T21:49:12 IDT">
  <testcase classname="address.TestAddressWebsite" name="testDeleteAddress" time="49.333">
    <failure type="java.lang.IndexOutOfBoundsException" message="Index 0 out of bounds for length 0">
      <![CDATA[java.lang.IndexOutOfBoundsException: Index 0 out of bounds for length 0
at java.base/jdk.internal.util.Preconditions.outOfBounds(Preconditions.java:64)
at java.base/jdk.internal.util.Preconditions.outOfBoundsCheckIndex(Preconditions.java:70)
at java.base/jdk.internal.util.Preconditions.checkIndex(Preconditions.java:266)
at java.base/java.util.Objects.checkIndex(Objects.java:359)
at java.base/java.util.ArrayList.get(ArrayList.java:427)
at pages.address.AddressTable.getRowData(AddressTable.java:30)
at address.TestAddressWebsite.testDeleteAddress(TestAddressWebsite.java:191)
at java.base/java.util.ArrayList.forEach(ArrayList.java:1511)
... Removed 27 stack frames]]>
    </failure>
  </testcase> <!-- testDeleteAddress -->
  <testcase classname="address.TestAddressWebsite" name="testViewAddress" time="0.0">
    <ignored/>
  </testcase> <!-- testViewAddress -->
  <testcase classname="address.TestAddressWebsite" name="testCreateAddress" time="0.0">
    <ignored/>
  </testcase> <!-- testCreateAddress -->
  <testcase classname="address.TestAddressWebsite" name="testEditAddress" time="0.0">
    <ignored/>
  </testcase> <!-- testEditAddress -->
</testsuite> <!-- Delete Addresses -->
