<?xml version="1.0" encoding="UTF-8"?>
<!-- Generated by org.testng.reporters.JUnitXMLReporter -->
<testsuite ignored="1" hostname="LAPTOP-BDELJV31" failures="0" tests="1" name="Login into trello" time="11.609" errors="0" timestamp="2022-09-24T15:10:07 IDT">
  <testcase classname="trello.TrelloUsageTest" name="testLoginIn" time="11.585"/>
  <testcase classname="trello.TrelloUsageTest" name="testCreateBoard" time="0.0">
    <ignored/>
  </testcase> <!-- testCreateBoard -->
</testsuite> <!-- Login into trello -->
